# JRE version: OpenJDK Runtime Environment Temurin-21.0.8+9 (21.0.8+9) (build 21.0.8+9-LTS)
# Java VM: OpenJDK 64-Bit Server VM Temurin-21.0.8+9 (21.0.8+9-LTS, mixed mode, sharing, tiered, compressed oops, compressed class ptrs, parallel gc, windows-amd64)
GC Precious Log:
 CardTable entry size: 512
 CPUs: 16 total, 16 available
 Memory: 16008M
 Large Page Support: Disabled
 NUMA Support: Disabled
 Compressed Oops: Enabled (32-bit)
 Alignments: Space 512K, Generation 512K, Heap 2M
 Heap Min Capacity: 100M
 Heap Initial Capacity: 100M
 Heap Max Capacity: 2G
 Pre-touch: Disabled
 Parallel Workers: 13
Heap:
 PSYoungGen      total 14336K, used 4613K [0x00000000d5580000, 0x00000000d6600000, 0x0000000100000000)
  eden space 13824K, 30% used [0x00000000d5580000,0x00000000d59a96c8,0x00000000d6300000)
  from space 512K, 68% used [0x00000000d6580000,0x00000000d65d8000,0x00000000d6600000)
  to   space 512K, 0% used [0x00000000d6500000,0x00000000d6500000,0x00000000d6580000)
 ParOldGen       total 68608K, used 47720K [0x0000000080000000, 0x0000000084300000, 0x00000000d5580000)
  object space 68608K, 69% used [0x0000000080000000,0x0000000082e9a328,0x0000000084300000)
 Metaspace       used 68330K, committed 69696K, reserved 1114112K
  class space    used 8577K, committed 9152K, reserved 1048576K
GC Heap History (20 events):
Event: 20.631 GC heap before
{Heap before GC invocations=48 (full 3):
 PSYoungGen      total 14336K, used 14327K [0x00000000d5580000, 0x00000000d6800000, 0x0000000100000000)
  eden space 13824K, 100% used [0x00000000d5580000,0x00000000d6300000,0x00000000d6300000)
  from space 512K, 98% used [0x00000000d6780000,0x00000000d67fdc80,0x00000000d6800000)
  to   space 1536K, 0% used [0x00000000d6500000,0x00000000d6500000,0x00000000d6680000)
 ParOldGen       total 68608K, used 44839K [0x0000000080000000, 0x0000000084300000, 0x00000000d5580000)
  object space 68608K, 65% used [0x0000000080000000,0x0000000082bc9c38,0x0000000084300000)
 Metaspace       used 64011K, committed 65344K, reserved 1114112K
  class space    used 8005K, committed 8576K, reserved 1048576K
}
Event: 20.632 GC heap after
{Heap after GC invocations=48 (full 3):
 PSYoungGen      total 15360K, used 557K [0x00000000d5580000, 0x00000000d6800000, 0x0000000100000000)
  eden space 13824K, 0% used [0x00000000d5580000,0x00000000d5580000,0x00000000d6300000)
  from space 1536K, 36% used [0x00000000d6500000,0x00000000d658b420,0x00000000d6680000)
  to   space 1024K, 0% used [0x00000000d6700000,0x00000000d6700000,0x00000000d6800000)
 ParOldGen       total 68608K, used 44895K [0x0000000080000000, 0x0000000084300000, 0x00000000d5580000)
  object space 68608K, 65% used [0x0000000080000000,0x0000000082bd7c38,0x0000000084300000)
 Metaspace       used 64011K, committed 65344K, reserved 1114112K
  class space    used 8005K, committed 8576K, reserved 1048576K
}
Event: 20.678 GC heap before
{Heap before GC invocations=49 (full 3):
 PSYoungGen      total 15360K, used 14381K [0x00000000d5580000, 0x00000000d6800000, 0x0000000100000000)
  eden space 13824K, 100% used [0x00000000d5580000,0x00000000d6300000,0x00000000d6300000)
  from space 1536K, 36% used [0x00000000d6500000,0x00000000d658b420,0x00000000d6680000)
  to   space 1024K, 0% used [0x00000000d6700000,0x00000000d6700000,0x00000000d6800000)
 ParOldGen       total 68608K, used 44895K [0x0000000080000000, 0x0000000084300000, 0x00000000d5580000)
  object space 68608K, 65% used [0x0000000080000000,0x0000000082bd7c38,0x0000000084300000)
 Metaspace       used 64011K, committed 65344K, reserved 1114112K
  class space    used 8005K, committed 8576K, reserved 1048576K
}
Event: 20.679 GC heap after
{Heap after GC invocations=49 (full 3):
 PSYoungGen      total 14848K, used 1022K [0x00000000d5580000, 0x00000000d6800000, 0x0000000100000000)
  eden space 13824K, 0% used [0x00000000d5580000,0x00000000d5580000,0x00000000d6300000)
  from space 1024K, 99% used [0x00000000d6700000,0x00000000d67ffa18,0x00000000d6800000)
  to   space 1536K, 0% used [0x00000000d6500000,0x00000000d6500000,0x00000000d6680000)
 ParOldGen       total 68608K, used 45090K [0x0000000080000000, 0x0000000084300000, 0x00000000d5580000)
  object space 68608K, 65% used [0x0000000080000000,0x0000000082c08938,0x0000000084300000)
 Metaspace       used 64011K, committed 65344K, reserved 1114112K
  class space    used 8005K, committed 8576K, reserved 1048576K
}
Event: 20.722 GC heap before
{Heap before GC invocations=50 (full 3):
 PSYoungGen      total 14848K, used 14846K [0x00000000d5580000, 0x00000000d6800000, 0x0000000100000000)
  eden space 13824K, 100% used [0x00000000d5580000,0x00000000d6300000,0x00000000d6300000)
  from space 1024K, 99% used [0x00000000d6700000,0x00000000d67ffa18,0x00000000d6800000)
  to   space 1536K, 0% used [0x00000000d6500000,0x00000000d6500000,0x00000000d6680000)
 ParOldGen       total 68608K, used 45090K [0x0000000080000000, 0x0000000084300000, 0x00000000d5580000)
  object space 68608K, 65% used [0x0000000080000000,0x0000000082c08938,0x0000000084300000)
 Metaspace       used 64011K, committed 65344K, reserved 1114112K
  class space    used 8005K, committed 8576K, reserved 1048576K
}
Event: 20.722 GC heap after
{Heap after GC invocations=50 (full 3):
 PSYoungGen      total 15360K, used 846K [0x00000000d5580000, 0x00000000d6780000, 0x0000000100000000)
  eden space 13824K, 0% used [0x00000000d5580000,0x00000000d5580000,0x00000000d6300000)
  from space 1536K, 55% used [0x00000000d6500000,0x00000000d65d38e0,0x00000000d6680000)
  to   space 1024K, 0% used [0x00000000d6680000,0x00000000d6680000,0x00000000d6780000)
 ParOldGen       total 68608K, used 45178K [0x0000000080000000, 0x0000000084300000, 0x00000000d5580000)
  object space 68608K, 65% used [0x0000000080000000,0x0000000082c1e938,0x0000000084300000)
 Metaspace       used 64011K, committed 65344K, reserved 1114112K
  class space    used 8005K, committed 8576K, reserved 1048576K
}
Event: 20.759 GC heap before
{Heap before GC invocations=51 (full 3):
 PSYoungGen      total 15360K, used 14670K [0x00000000d5580000, 0x00000000d6780000, 0x0000000100000000)
  eden space 13824K, 100% used [0x00000000d5580000,0x00000000d6300000,0x00000000d6300000)
  from space 1536K, 55% used [0x00000000d6500000,0x00000000d65d38e0,0x00000000d6680000)
  to   space 1024K, 0% used [0x00000000d6680000,0x00000000d6680000,0x00000000d6780000)
 ParOldGen       total 68608K, used 45178K [0x0000000080000000, 0x0000000084300000, 0x00000000d5580000)
  object space 68608K, 65% used [0x0000000080000000,0x0000000082c1e938,0x0000000084300000)
 Metaspace       used 64011K, committed 65344K, reserved 1114112K
  class space    used 8005K, committed 8576K, reserved 1048576K
}
Event: 20.760 GC heap after
{Heap after GC invocations=51 (full 3):
 PSYoungGen      total 14336K, used 320K [0x00000000d5580000, 0x00000000d6700000, 0x0000000100000000)
  eden space 13824K, 0% used [0x00000000d5580000,0x00000000d5580000,0x00000000d6300000)
  from space 512K, 62% used [0x00000000d6680000,0x00000000d66d0000,0x00000000d6700000)
  to   space 1024K, 0% used [0x00000000d6500000,0x00000000d6500000,0x00000000d6600000)
 ParOldGen       total 68608K, used 45784K [0x0000000080000000, 0x0000000084300000, 0x00000000d5580000)
  object space 68608K, 66% used [0x0000000080000000,0x0000000082cb6380,0x0000000084300000)
 Metaspace       used 64011K, committed 65344K, reserved 1114112K
  class space    used 8005K, committed 8576K, reserved 1048576K
}
Event: 20.797 GC heap before
{Heap before GC invocations=52 (full 3):
 PSYoungGen      total 14336K, used 14144K [0x00000000d5580000, 0x00000000d6700000, 0x0000000100000000)
  eden space 13824K, 100% used [0x00000000d5580000,0x00000000d6300000,0x00000000d6300000)
  from space 512K, 62% used [0x00000000d6680000,0x00000000d66d0000,0x00000000d6700000)
  to   space 1024K, 0% used [0x00000000d6500000,0x00000000d6500000,0x00000000d6600000)
 ParOldGen       total 68608K, used 45784K [0x0000000080000000, 0x0000000084300000, 0x00000000d5580000)
  object space 68608K, 66% used [0x0000000080000000,0x0000000082cb6380,0x0000000084300000)
 Metaspace       used 64011K, committed 65344K, reserved 1114112K
  class space    used 8005K, committed 8576K, reserved 1048576K
}
Event: 20.798 GC heap after
{Heap after GC invocations=52 (full 3):
 PSYoungGen      total 14848K, used 1003K [0x00000000d5580000, 0x00000000d6700000, 0x0000000100000000)
  eden space 13824K, 0% used [0x00000000d5580000,0x00000000d5580000,0x00000000d6300000)
  from space 1024K, 98% used [0x00000000d6500000,0x00000000d65fafd0,0x00000000d6600000)
  to   space 1024K, 0% used [0x00000000d6600000,0x00000000d6600000,0x00000000d6700000)
 ParOldGen       total 68608K, used 46145K [0x0000000080000000, 0x0000000084300000, 0x00000000d5580000)
  object space 68608K, 67% used [0x0000000080000000,0x0000000082d10570,0x0000000084300000)
 Metaspace       used 64011K, committed 65344K, reserved 1114112K
  class space    used 8005K, committed 8576K, reserved 1048576K
}
Event: 20.884 GC heap before
{Heap before GC invocations=53 (full 3):
 PSYoungGen      total 14848K, used 14827K [0x00000000d5580000, 0x00000000d6700000, 0x0000000100000000)
  eden space 13824K, 100% used [0x00000000d5580000,0x00000000d6300000,0x00000000d6300000)
  from space 1024K, 98% used [0x00000000d6500000,0x00000000d65fafd0,0x00000000d6600000)
  to   space 1024K, 0% used [0x00000000d6600000,0x00000000d6600000,0x00000000d6700000)
 ParOldGen       total 68608K, used 46145K [0x0000000080000000, 0x0000000084300000, 0x00000000d5580000)
  object space 68608K, 67% used [0x0000000080000000,0x0000000082d10570,0x0000000084300000)
 Metaspace       used 64229K, committed 65600K, reserved 1114112K
  class space    used 8044K, committed 8640K, reserved 1048576K
}
Event: 20.885 GC heap after
{Heap after GC invocations=53 (full 3):
 PSYoungGen      total 14336K, used 320K [0x00000000d5580000, 0x00000000d6680000, 0x0000000100000000)
  eden space 13824K, 0% used [0x00000000d5580000,0x00000000d5580000,0x00000000d6300000)
  from space 512K, 62% used [0x00000000d6600000,0x00000000d6650000,0x00000000d6680000)
  to   space 1024K, 0% used [0x00000000d6480000,0x00000000d6480000,0x00000000d6580000)
 ParOldGen       total 68608K, used 46249K [0x0000000080000000, 0x0000000084300000, 0x00000000d5580000)
  object space 68608K, 67% used [0x0000000080000000,0x0000000082d2a570,0x0000000084300000)
 Metaspace       used 64229K, committed 65600K, reserved 1114112K
  class space    used 8044K, committed 8640K, reserved 1048576K
}
Event: 21.050 GC heap before
{Heap before GC invocations=54 (full 3):
 PSYoungGen      total 14336K, used 14144K [0x00000000d5580000, 0x00000000d6680000, 0x0000000100000000)
  eden space 13824K, 100% used [0x00000000d5580000,0x00000000d6300000,0x00000000d6300000)
  from space 512K, 62% used [0x00000000d6600000,0x00000000d6650000,0x00000000d6680000)
  to   space 1024K, 0% used [0x00000000d6480000,0x00000000d6480000,0x00000000d6580000)
 ParOldGen       total 68608K, used 46249K [0x0000000080000000, 0x0000000084300000, 0x00000000d5580000)
  object space 68608K, 67% used [0x0000000080000000,0x0000000082d2a570,0x0000000084300000)
 Metaspace       used 65857K, committed 67264K, reserved 1114112K
  class space    used 8301K, committed 8896K, reserved 1048576K
}
Event: 21.052 GC heap after
{Heap after GC invocations=54 (full 3):
 PSYoungGen      total 14848K, used 640K [0x00000000d5580000, 0x00000000d6680000, 0x0000000100000000)
  eden space 13824K, 0% used [0x00000000d5580000,0x00000000d5580000,0x00000000d6300000)
  from space 1024K, 62% used [0x00000000d6480000,0x00000000d6520010,0x00000000d6580000)
  to   space 1024K, 0% used [0x00000000d6580000,0x00000000d6580000,0x00000000d6680000)
 ParOldGen       total 68608K, used 46385K [0x0000000080000000, 0x0000000084300000, 0x00000000d5580000)
  object space 68608K, 67% used [0x0000000080000000,0x0000000082d4c570,0x0000000084300000)
 Metaspace       used 65857K, committed 67264K, reserved 1114112K
  class space    used 8301K, committed 8896K, reserved 1048576K
}
Event: 23.377 GC heap before
{Heap before GC invocations=55 (full 3):
 PSYoungGen      total 14848K, used 14464K [0x00000000d5580000, 0x00000000d6680000, 0x0000000100000000)
  eden space 13824K, 100% used [0x00000000d5580000,0x00000000d6300000,0x00000000d6300000)
  from space 1024K, 62% used [0x00000000d6480000,0x00000000d6520010,0x00000000d6580000)
  to   space 1024K, 0% used [0x00000000d6580000,0x00000000d6580000,0x00000000d6680000)
 ParOldGen       total 68608K, used 46385K [0x0000000080000000, 0x0000000084300000, 0x00000000d5580000)
  object space 68608K, 67% used [0x0000000080000000,0x0000000082d4c570,0x0000000084300000)
 Metaspace       used 67346K, committed 68672K, reserved 1114112K
  class space    used 8492K, committed 9024K, reserved 1048576K
}
Event: 23.378 GC heap after
{Heap after GC invocations=55 (full 3):
 PSYoungGen      total 14848K, used 544K [0x00000000d5580000, 0x00000000d6680000, 0x0000000100000000)
  eden space 13824K, 0% used [0x00000000d5580000,0x00000000d5580000,0x00000000d6300000)
  from space 1024K, 53% used [0x00000000d6580000,0x00000000d6608010,0x00000000d6680000)
  to   space 1024K, 0% used [0x00000000d6480000,0x00000000d6480000,0x00000000d6580000)
 ParOldGen       total 68608K, used 46872K [0x0000000080000000, 0x0000000084300000, 0x00000000d5580000)
  object space 68608K, 68% used [0x0000000080000000,0x0000000082dc6290,0x0000000084300000)
 Metaspace       used 67346K, committed 68672K, reserved 1114112K
  class space    used 8492K, committed 9024K, reserved 1048576K
}
Event: 50.878 GC heap before
{Heap before GC invocations=56 (full 3):
 PSYoungGen      total 14848K, used 14368K [0x00000000d5580000, 0x00000000d6680000, 0x0000000100000000)
  eden space 13824K, 100% used [0x00000000d5580000,0x00000000d6300000,0x00000000d6300000)
  from space 1024K, 53% used [0x00000000d6580000,0x00000000d6608010,0x00000000d6680000)
  to   space 1024K, 0% used [0x00000000d6480000,0x00000000d6480000,0x00000000d6580000)
 ParOldGen       total 68608K, used 46872K [0x0000000080000000, 0x0000000084300000, 0x00000000d5580000)
  object space 68608K, 68% used [0x0000000080000000,0x0000000082dc6290,0x0000000084300000)
 Metaspace       used 68110K, committed 69440K, reserved 1114112K
  class space    used 8576K, committed 9152K, reserved 1048576K
}
Event: 50.880 GC heap after
{Heap after GC invocations=56 (full 3):
 PSYoungGen      total 14848K, used 736K [0x00000000d5580000, 0x00000000d6600000, 0x0000000100000000)
  eden space 13824K, 0% used [0x00000000d5580000,0x00000000d5580000,0x00000000d6300000)
  from space 1024K, 71% used [0x00000000d6480000,0x00000000d6538000,0x00000000d6580000)
  to   space 512K, 0% used [0x00000000d6580000,0x00000000d6580000,0x00000000d6600000)
 ParOldGen       total 68608K, used 47192K [0x0000000080000000, 0x0000000084300000, 0x00000000d5580000)
  object space 68608K, 68% used [0x0000000080000000,0x0000000082e162a0,0x0000000084300000)
 Metaspace       used 68110K, committed 69440K, reserved 1114112K
  class space    used 8576K, committed 9152K, reserved 1048576K
}
Event: 98.347 GC heap before
{Heap before GC invocations=57 (full 3):
 PSYoungGen      total 14848K, used 14560K [0x00000000d5580000, 0x00000000d6600000, 0x0000000100000000)
  eden space 13824K, 100% used [0x00000000d5580000,0x00000000d6300000,0x00000000d6300000)
  from space 1024K, 71% used [0x00000000d6480000,0x00000000d6538000,0x00000000d6580000)
  to   space 512K, 0% used [0x00000000d6580000,0x00000000d6580000,0x00000000d6600000)
 ParOldGen       total 68608K, used 47192K [0x0000000080000000, 0x0000000084300000, 0x00000000d5580000)
  object space 68608K, 68% used [0x0000000080000000,0x0000000082e162a0,0x0000000084300000)
 Metaspace       used 68326K, committed 69696K, reserved 1114112K
  class space    used 8577K, committed 9152K, reserved 1048576K
}
Event: 98.349 GC heap after
{Heap after GC invocations=57 (full 3):
 PSYoungGen      total 14336K, used 352K [0x00000000d5580000, 0x00000000d6600000, 0x0000000100000000)
  eden space 13824K, 0% used [0x00000000d5580000,0x00000000d5580000,0x00000000d6300000)
  from space 512K, 68% used [0x00000000d6580000,0x00000000d65d8000,0x00000000d6600000)
  to   space 512K, 0% used [0x00000000d6500000,0x00000000d6500000,0x00000000d6580000)
 ParOldGen       total 68608K, used 47720K [0x0000000080000000, 0x0000000084300000, 0x00000000d5580000)
  object space 68608K, 69% used [0x0000000080000000,0x0000000082e9a328,0x0000000084300000)
 Metaspace       used 68326K, committed 69696K, reserved 1114112K
  class space    used 8577K, committed 9152K, reserved 1048576K
}

