# JRE version: Java(TM) SE Runtime Environment (23.0.1+11) (build 23.0.1+11-39)
# Java VM: Java HotSpot(TM) 64-Bit Server VM (23.0.1+11-39, mixed mode, sharing, tiered, compressed oops, compressed class ptrs, g1 gc, windows-amd64)
GC Precious Log:
 CardTable entry size: 512
 Card Set container configuration: InlinePtr #cards 4 size 8 Array Of Cards #cards 32 size 80 Howl #buckets 8 coarsen threshold 7372 Howl Bitmap #cards 1024 size 144 coarsen threshold 921 Card regions per heap region 1 cards per card region 8192
 CPUs: 16 total, 16 available
 Memory: 16008M
 Large Page Support: Disabled
 NUMA Support: Disabled
 Compressed Oops: Enabled (Zero based)
 Heap Region Size: 4M
 Heap Min Capacity: 8M
 Heap Initial Capacity: 252M
 Heap Max Capacity: 8G
 Pre-touch: Disabled
 Parallel Workers: 13
 Concurrent Workers: 3
 Concurrent Refinement Workers: 13
 Periodic GC: Disabled
Heap:
 garbage-first heap   total reserved 8388608K, committed 135168K, used 98601K [0x0000000600000000, 0x0000000800000000)
  region size 4096K, 2 young (8192K), 1 survivors (4096K)
 Metaspace       used 87913K, committed 90048K, reserved 1179648K
  class space    used 12941K, committed 13952K, reserved 1048576K
GC Heap History (20 events):
Event: 53.254 GC heap before
{Heap before GC invocations=14 (full 0):
 garbage-first heap   total reserved 8388608K, committed 126976K, used 53824K [0x0000000600000000, 0x0000000800000000)
  region size 4096K, 3 young (12288K), 2 survivors (8192K)
 Metaspace       used 58483K, committed 60416K, reserved 1114112K
  class space    used 8710K, committed 9664K, reserved 1048576K
}
Event: 53.257 GC heap after
{Heap after GC invocations=15 (full 0):
 garbage-first heap   total reserved 8388608K, committed 126976K, used 53521K [0x0000000600000000, 0x0000000800000000)
  region size 4096K, 1 young (4096K), 1 survivors (4096K)
 Metaspace       used 58483K, committed 60416K, reserved 1114112K
  class space    used 8710K, committed 9664K, reserved 1048576K
}
Event: 54.769 GC heap before
{Heap before GC invocations=16 (full 0):
 garbage-first heap   total reserved 8388608K, committed 126976K, used 106769K [0x0000000600000000, 0x0000000800000000)
  region size 4096K, 14 young (57344K), 1 survivors (4096K)
 Metaspace       used 63767K, committed 65792K, reserved 1114112K
  class space    used 9423K, committed 10368K, reserved 1048576K
}
Event: 54.771 GC heap after
{Heap after GC invocations=17 (full 0):
 garbage-first heap   total reserved 8388608K, committed 126976K, used 55585K [0x0000000600000000, 0x0000000800000000)
  region size 4096K, 1 young (4096K), 1 survivors (4096K)
 Metaspace       used 63767K, committed 65792K, reserved 1114112K
  class space    used 9423K, committed 10368K, reserved 1048576K
}
Event: 55.892 GC heap before
{Heap before GC invocations=17 (full 0):
 garbage-first heap   total reserved 8388608K, committed 126976K, used 112929K [0x0000000600000000, 0x0000000800000000)
  region size 4096K, 14 young (57344K), 1 survivors (4096K)
 Metaspace       used 66987K, committed 69056K, reserved 1114112K
  class space    used 9885K, committed 10880K, reserved 1048576K
}
Event: 55.897 GC heap after
{Heap after GC invocations=18 (full 0):
 garbage-first heap   total reserved 8388608K, committed 126976K, used 60624K [0x0000000600000000, 0x0000000800000000)
  region size 4096K, 2 young (8192K), 2 survivors (8192K)
 Metaspace       used 66987K, committed 69056K, reserved 1114112K
  class space    used 9885K, committed 10880K, reserved 1048576K
}
Event: 58.081 GC heap before
{Heap before GC invocations=18 (full 0):
 garbage-first heap   total reserved 8388608K, committed 126976K, used 97488K [0x0000000600000000, 0x0000000800000000)
  region size 4096K, 12 young (49152K), 2 survivors (8192K)
 Metaspace       used 69856K, committed 71872K, reserved 1114112K
  class space    used 10289K, committed 11264K, reserved 1048576K
}
Event: 58.085 GC heap after
{Heap after GC invocations=19 (full 0):
 garbage-first heap   total reserved 8388608K, committed 126976K, used 64986K [0x0000000600000000, 0x0000000800000000)
  region size 4096K, 2 young (8192K), 2 survivors (8192K)
 Metaspace       used 69856K, committed 71872K, reserved 1114112K
  class space    used 10289K, committed 11264K, reserved 1048576K
}
Event: 59.406 GC heap before
{Heap before GC invocations=20 (full 0):
 garbage-first heap   total reserved 8388608K, committed 126976K, used 105946K [0x0000000600000000, 0x0000000800000000)
  region size 4096K, 12 young (49152K), 2 survivors (8192K)
 Metaspace       used 75765K, committed 77824K, reserved 1179648K
  class space    used 11005K, committed 11968K, reserved 1048576K
}
Event: 59.410 GC heap after
{Heap after GC invocations=21 (full 0):
 garbage-first heap   total reserved 8388608K, committed 126976K, used 64557K [0x0000000600000000, 0x0000000800000000)
  region size 4096K, 1 young (4096K), 1 survivors (4096K)
 Metaspace       used 75765K, committed 77824K, reserved 1179648K
  class space    used 11005K, committed 11968K, reserved 1048576K
}
Event: 60.339 GC heap before
{Heap before GC invocations=21 (full 0):
 garbage-first heap   total reserved 8388608K, committed 126976K, used 117805K [0x0000000600000000, 0x0000000800000000)
  region size 4096K, 11 young (45056K), 1 survivors (4096K)
 Metaspace       used 82019K, committed 84160K, reserved 1179648K
  class space    used 12255K, committed 13248K, reserved 1048576K
}
Event: 60.345 GC heap after
{Heap after GC invocations=22 (full 0):
 garbage-first heap   total reserved 8388608K, committed 135168K, used 74691K [0x0000000600000000, 0x0000000800000000)
  region size 4096K, 1 young (4096K), 1 survivors (4096K)
 Metaspace       used 82019K, committed 84160K, reserved 1179648K
  class space    used 12255K, committed 13248K, reserved 1048576K
}
Event: 60.682 GC heap before
{Heap before GC invocations=22 (full 0):
 garbage-first heap   total reserved 8388608K, committed 135168K, used 115651K [0x0000000600000000, 0x0000000800000000)
  region size 4096K, 11 young (45056K), 1 survivors (4096K)
 Metaspace       used 82043K, committed 84160K, reserved 1179648K
  class space    used 12260K, committed 13248K, reserved 1048576K
}
Event: 60.690 GC heap after
{Heap after GC invocations=23 (full 0):
 garbage-first heap   total reserved 8388608K, committed 135168K, used 77824K [0x0000000600000000, 0x0000000800000000)
  region size 4096K, 2 young (8192K), 2 survivors (8192K)
 Metaspace       used 82043K, committed 84160K, reserved 1179648K
  class space    used 12260K, committed 13248K, reserved 1048576K
}
Event: 61.040 GC heap before
{Heap before GC invocations=24 (full 0):
 garbage-first heap   total reserved 8388608K, committed 135168K, used 114688K [0x0000000600000000, 0x0000000800000000)
  region size 4096K, 11 young (45056K), 2 survivors (8192K)
 Metaspace       used 83821K, committed 85952K, reserved 1179648K
  class space    used 12504K, committed 13504K, reserved 1048576K
}
Event: 61.048 GC heap after
{Heap after GC invocations=25 (full 0):
 garbage-first heap   total reserved 8388608K, committed 135168K, used 85211K [0x0000000600000000, 0x0000000800000000)
  region size 4096K, 2 young (8192K), 2 survivors (8192K)
 Metaspace       used 83821K, committed 85952K, reserved 1179648K
  class space    used 12504K, committed 13504K, reserved 1048576K
}
Event: 61.401 GC heap before
{Heap before GC invocations=25 (full 0):
 garbage-first heap   total reserved 8388608K, committed 135168K, used 117979K [0x0000000600000000, 0x0000000800000000)
  region size 4096K, 8 young (32768K), 2 survivors (8192K)
 Metaspace       used 86416K, committed 88512K, reserved 1179648K
  class space    used 12780K, committed 13760K, reserved 1048576K
}
Event: 61.407 GC heap after
{Heap after GC invocations=26 (full 0):
 garbage-first heap   total reserved 8388608K, committed 135168K, used 96155K [0x0000000600000000, 0x0000000800000000)
  region size 4096K, 1 young (4096K), 1 survivors (4096K)
 Metaspace       used 86416K, committed 88512K, reserved 1179648K
  class space    used 12780K, committed 13760K, reserved 1048576K
}
Event: 61.705 GC heap before
{Heap before GC invocations=26 (full 0):
 garbage-first heap   total reserved 8388608K, committed 135168K, used 116635K [0x0000000600000000, 0x0000000800000000)
  region size 4096K, 6 young (24576K), 1 survivors (4096K)
 Metaspace       used 87776K, committed 89856K, reserved 1179648K
  class space    used 12925K, committed 13888K, reserved 1048576K
}
Event: 61.708 GC heap after
{Heap after GC invocations=27 (full 0):
 garbage-first heap   total reserved 8388608K, committed 135168K, used 98601K [0x0000000600000000, 0x0000000800000000)
  region size 4096K, 1 young (4096K), 1 survivors (4096K)
 Metaspace       used 87776K, committed 89856K, reserved 1179648K
  class space    used 12925K, committed 13888K, reserved 1048576K
}

