# JRE version: Java(TM) SE Runtime Environment (23.0.1+11) (build 23.0.1+11-39)
# Java VM: Java HotSpot(TM) 64-Bit Server VM (23.0.1+11-39, mixed mode, sharing, tiered, compressed oops, compressed class ptrs, g1 gc, windows-amd64)
GC Precious Log:
 CardTable entry size: 512
 Card Set container configuration: InlinePtr #cards 4 size 8 Array Of Cards #cards 32 size 80 Howl #buckets 8 coarsen threshold 7372 Howl Bitmap #cards 1024 size 144 coarsen threshold 921 Card regions per heap region 1 cards per card region 8192
 CPUs: 16 total, 16 available
 Memory: 16008M
 Large Page Support: Disabled
 NUMA Support: Disabled
 Compressed Oops: Enabled (Zero based)
 Heap Region Size: 4M
 Heap Min Capacity: 8M
 Heap Initial Capacity: 252M
 Heap Max Capacity: 8G
 Pre-touch: Disabled
 Parallel Workers: 13
 Concurrent Workers: 3
 Concurrent Refinement Workers: 13
 Periodic GC: Disabled
Heap:
 garbage-first heap   total reserved 8388608K, committed 192512K, used 138161K [0x0000000600000000, 0x0000000800000000)
  region size 4096K, 11 young (45056K), 3 survivors (12288K)
 Metaspace       used 118186K, committed 120448K, reserved 1179648K
  class space    used 15620K, committed 16704K, reserved 1048576K
GC Heap History (20 events):
Event: 20.957 GC heap before
{Heap before GC invocations=20 (full 0):
 garbage-first heap   total reserved 8388608K, committed 143360K, used 125540K [0x0000000600000000, 0x0000000800000000)
  region size 4096K, 16 young (65536K), 3 survivors (12288K)
 Metaspace       used 74358K, committed 75648K, reserved 1114112K
  class space    used 10333K, committed 10944K, reserved 1048576K
}
Event: 20.965 GC heap after
{Heap after GC invocations=21 (full 0):
 garbage-first heap   total reserved 8388608K, committed 147456K, used 78476K [0x0000000600000000, 0x0000000800000000)
  region size 4096K, 2 young (8192K), 2 survivors (8192K)
 Metaspace       used 74358K, committed 75648K, reserved 1114112K
  class space    used 10333K, committed 10944K, reserved 1048576K
}
Event: 21.631 GC heap before
{Heap before GC invocations=21 (full 0):
 garbage-first heap   total reserved 8388608K, committed 147456K, used 123532K [0x0000000600000000, 0x0000000800000000)
  region size 4096K, 13 young (53248K), 2 survivors (8192K)
 Metaspace       used 79805K, committed 81472K, reserved 1179648K
  class space    used 11033K, committed 11840K, reserved 1048576K
}
Event: 21.635 GC heap after
{Heap after GC invocations=22 (full 0):
 garbage-first heap   total reserved 8388608K, committed 147456K, used 81246K [0x0000000600000000, 0x0000000800000000)
  region size 4096K, 1 young (4096K), 1 survivors (4096K)
 Metaspace       used 79805K, committed 81472K, reserved 1179648K
  class space    used 11033K, committed 11840K, reserved 1048576K
}
Event: 22.427 GC heap before
{Heap before GC invocations=23 (full 0):
 garbage-first heap   total reserved 8388608K, committed 147456K, used 122206K [0x0000000600000000, 0x0000000800000000)
  region size 4096K, 12 young (49152K), 1 survivors (4096K)
 Metaspace       used 84921K, committed 86592K, reserved 1179648K
  class space    used 11717K, committed 12480K, reserved 1048576K
}
Event: 22.431 GC heap after
{Heap after GC invocations=24 (full 0):
 garbage-first heap   total reserved 8388608K, committed 147456K, used 84943K [0x0000000600000000, 0x0000000800000000)
  region size 4096K, 2 young (8192K), 2 survivors (8192K)
 Metaspace       used 84921K, committed 86592K, reserved 1179648K
  class space    used 11717K, committed 12480K, reserved 1048576K
}
Event: 22.883 GC heap before
{Heap before GC invocations=24 (full 0):
 garbage-first heap   total reserved 8388608K, committed 147456K, used 117711K [0x0000000600000000, 0x0000000800000000)
  region size 4096K, 11 young (45056K), 2 survivors (8192K)
 Metaspace       used 86527K, committed 88192K, reserved 1179648K
  class space    used 11905K, committed 12672K, reserved 1048576K
}
Event: 22.889 GC heap after
{Heap after GC invocations=25 (full 0):
 garbage-first heap   total reserved 8388608K, committed 147456K, used 86497K [0x0000000600000000, 0x0000000800000000)
  region size 4096K, 2 young (8192K), 2 survivors (8192K)
 Metaspace       used 86527K, committed 88192K, reserved 1179648K
  class space    used 11905K, committed 12672K, reserved 1048576K
}
Event: 23.362 GC heap before
{Heap before GC invocations=25 (full 0):
 garbage-first heap   total reserved 8388608K, committed 147456K, used 123361K [0x0000000600000000, 0x0000000800000000)
  region size 4096K, 11 young (45056K), 2 survivors (8192K)
 Metaspace       used 88777K, committed 90496K, reserved 1179648K
  class space    used 12162K, committed 12928K, reserved 1048576K
}
Event: 23.368 GC heap after
{Heap after GC invocations=26 (full 0):
 garbage-first heap   total reserved 8388608K, committed 147456K, used 89590K [0x0000000600000000, 0x0000000800000000)
  region size 4096K, 2 young (8192K), 2 survivors (8192K)
 Metaspace       used 88777K, committed 90496K, reserved 1179648K
  class space    used 12162K, committed 12928K, reserved 1048576K
}
Event: 24.480 GC heap before
{Heap before GC invocations=27 (full 0):
 garbage-first heap   total reserved 8388608K, committed 159744K, used 122358K [0x0000000600000000, 0x0000000800000000)
  region size 4096K, 10 young (40960K), 2 survivors (8192K)
 Metaspace       used 91949K, committed 93696K, reserved 1179648K
  class space    used 12501K, committed 13312K, reserved 1048576K
}
Event: 24.484 GC heap after
{Heap after GC invocations=28 (full 0):
 garbage-first heap   total reserved 8388608K, committed 192512K, used 92413K [0x0000000600000000, 0x0000000800000000)
  region size 4096K, 2 young (8192K), 2 survivors (8192K)
 Metaspace       used 91949K, committed 93696K, reserved 1179648K
  class space    used 12501K, committed 13312K, reserved 1048576K
}
Event: 25.553 GC heap before
{Heap before GC invocations=28 (full 0):
 garbage-first heap   total reserved 8388608K, committed 192512K, used 166141K [0x0000000600000000, 0x0000000800000000)
  region size 4096K, 20 young (81920K), 2 survivors (8192K)
 Metaspace       used 101857K, committed 103616K, reserved 1179648K
  class space    used 13599K, committed 14400K, reserved 1048576K
}
Event: 25.560 GC heap after
{Heap after GC invocations=29 (full 0):
 garbage-first heap   total reserved 8388608K, committed 192512K, used 96310K [0x0000000600000000, 0x0000000800000000)
  region size 4096K, 3 young (12288K), 3 survivors (12288K)
 Metaspace       used 101857K, committed 103616K, reserved 1179648K
  class space    used 13599K, committed 14400K, reserved 1048576K
}
Event: 26.786 GC heap before
{Heap before GC invocations=29 (full 0):
 garbage-first heap   total reserved 8388608K, committed 192512K, used 165942K [0x0000000600000000, 0x0000000800000000)
  region size 4096K, 20 young (81920K), 3 survivors (12288K)
 Metaspace       used 111943K, committed 113856K, reserved 1179648K
  class space    used 14625K, committed 15552K, reserved 1048576K
}
Event: 26.791 GC heap after
{Heap after GC invocations=30 (full 0):
 garbage-first heap   total reserved 8388608K, committed 192512K, used 97705K [0x0000000600000000, 0x0000000800000000)
  region size 4096K, 2 young (8192K), 2 survivors (8192K)
 Metaspace       used 111943K, committed 113856K, reserved 1179648K
  class space    used 14625K, committed 15552K, reserved 1048576K
}
Event: 27.723 GC heap before
{Heap before GC invocations=30 (full 0):
 garbage-first heap   total reserved 8388608K, committed 192512K, used 167337K [0x0000000600000000, 0x0000000800000000)
  region size 4096K, 19 young (77824K), 2 survivors (8192K)
 Metaspace       used 115929K, committed 118144K, reserved 1179648K
  class space    used 15310K, committed 16384K, reserved 1048576K
}
Event: 27.729 GC heap after
{Heap after GC invocations=31 (full 0):
 garbage-first heap   total reserved 8388608K, committed 192512K, used 102948K [0x0000000600000000, 0x0000000800000000)
  region size 4096K, 3 young (12288K), 3 survivors (12288K)
 Metaspace       used 115929K, committed 118144K, reserved 1179648K
  class space    used 15310K, committed 16384K, reserved 1048576K
}
Event: 28.306 GC heap before
{Heap before GC invocations=32 (full 0):
 garbage-first heap   total reserved 8388608K, committed 192512K, used 160292K [0x0000000600000000, 0x0000000800000000)
  region size 4096K, 18 young (73728K), 3 survivors (12288K)
 Metaspace       used 116392K, committed 118720K, reserved 1179648K
  class space    used 15331K, committed 16448K, reserved 1048576K
}
Event: 28.317 GC heap after
{Heap after GC invocations=33 (full 0):
 garbage-first heap   total reserved 8388608K, committed 192512K, used 109489K [0x0000000600000000, 0x0000000800000000)
  region size 4096K, 3 young (12288K), 3 survivors (12288K)
 Metaspace       used 116392K, committed 118720K, reserved 1179648K
  class space    used 15331K, committed 16448K, reserved 1048576K
}

