# JRE version: Java(TM) SE Runtime Environment (23.0.1+11) (build 23.0.1+11-39)
# Java VM: Java HotSpot(TM) 64-Bit Server VM (23.0.1+11-39, mixed mode, sharing, tiered, compressed oops, compressed class ptrs, g1 gc, windows-amd64)
GC Precious Log:
 CardTable entry size: 512
 Card Set container configuration: InlinePtr #cards 4 size 8 Array Of Cards #cards 32 size 80 Howl #buckets 8 coarsen threshold 7372 Howl Bitmap #cards 1024 size 144 coarsen threshold 921 Card regions per heap region 1 cards per card region 8192
 CPUs: 16 total, 16 available
 Memory: 16008M
 Large Page Support: Disabled
 NUMA Support: Disabled
 Compressed Oops: Enabled (Zero based)
 Heap Region Size: 4M
 Heap Min Capacity: 8M
 Heap Initial Capacity: 252M
 Heap Max Capacity: 8G
 Pre-touch: Disabled
 Parallel Workers: 13
 Concurrent Workers: 3
 Concurrent Refinement Workers: 13
 Periodic GC: Disabled
Heap:
 garbage-first heap   total reserved 8388608K, committed 159744K, used 110952K [0x0000000600000000, 0x0000000800000000)
  region size 4096K, 7 young (28672K), 2 survivors (8192K)
 Metaspace       used 117455K, committed 119808K, reserved 1179648K
  class space    used 16009K, committed 17152K, reserved 1048576K
GC Heap History (20 events):
Event: 24.809 GC heap before
{Heap before GC invocations=24 (full 0):
 garbage-first heap   total reserved 8388608K, committed 135168K, used 111611K [0x0000000600000000, 0x0000000800000000)
  region size 4096K, 11 young (45056K), 2 survivors (8192K)
 Metaspace       used 85645K, committed 87936K, reserved 1179648K
  class space    used 12264K, committed 13376K, reserved 1048576K
}
Event: 24.813 GC heap after
{Heap after GC invocations=25 (full 0):
 garbage-first heap   total reserved 8388608K, committed 135168K, used 76645K [0x0000000600000000, 0x0000000800000000)
  region size 4096K, 2 young (8192K), 2 survivors (8192K)
 Metaspace       used 85645K, committed 87936K, reserved 1179648K
  class space    used 12264K, committed 13376K, reserved 1048576K
}
Event: 26.186 GC heap before
{Heap before GC invocations=25 (full 0):
 garbage-first heap   total reserved 8388608K, committed 135168K, used 109413K [0x0000000600000000, 0x0000000800000000)
  region size 4096K, 10 young (40960K), 2 survivors (8192K)
 Metaspace       used 89580K, committed 91840K, reserved 1179648K
  class space    used 12740K, committed 13824K, reserved 1048576K
}
Event: 26.197 GC heap after
{Heap after GC invocations=26 (full 0):
 garbage-first heap   total reserved 8388608K, committed 135168K, used 77415K [0x0000000600000000, 0x0000000800000000)
  region size 4096K, 2 young (8192K), 2 survivors (8192K)
 Metaspace       used 89580K, committed 91840K, reserved 1179648K
  class space    used 12740K, committed 13824K, reserved 1048576K
}
Event: 27.103 GC heap before
{Heap before GC invocations=26 (full 0):
 garbage-first heap   total reserved 8388608K, committed 135168K, used 106087K [0x0000000600000000, 0x0000000800000000)
  region size 4096K, 10 young (40960K), 2 survivors (8192K)
 Metaspace       used 92924K, committed 95232K, reserved 1179648K
  class space    used 13187K, committed 14272K, reserved 1048576K
}
Event: 27.107 GC heap after
{Heap after GC invocations=27 (full 0):
 garbage-first heap   total reserved 8388608K, committed 135168K, used 81265K [0x0000000600000000, 0x0000000800000000)
  region size 4096K, 2 young (8192K), 2 survivors (8192K)
 Metaspace       used 92924K, committed 95232K, reserved 1179648K
  class space    used 13187K, committed 14272K, reserved 1048576K
}
Event: 27.264 GC heap before
{Heap before GC invocations=28 (full 0):
 garbage-first heap   total reserved 8388608K, committed 143360K, used 109937K [0x0000000600000000, 0x0000000800000000)
  region size 4096K, 9 young (36864K), 2 survivors (8192K)
 Metaspace       used 92969K, committed 95232K, reserved 1179648K
  class space    used 13187K, committed 14272K, reserved 1048576K
}
Event: 27.268 GC heap after
{Heap after GC invocations=29 (full 0):
 garbage-first heap   total reserved 8388608K, committed 143360K, used 81787K [0x0000000600000000, 0x0000000800000000)
  region size 4096K, 2 young (8192K), 2 survivors (8192K)
 Metaspace       used 92969K, committed 95232K, reserved 1179648K
  class space    used 13187K, committed 14272K, reserved 1048576K
}
Event: 28.229 GC heap before
{Heap before GC invocations=29 (full 0):
 garbage-first heap   total reserved 8388608K, committed 143360K, used 118651K [0x0000000600000000, 0x0000000800000000)
  region size 4096K, 11 young (45056K), 2 survivors (8192K)
 Metaspace       used 96257K, committed 98496K, reserved 1179648K
  class space    used 13589K, committed 14656K, reserved 1048576K
}
Event: 28.233 GC heap after
{Heap after GC invocations=30 (full 0):
 garbage-first heap   total reserved 8388608K, committed 143360K, used 82946K [0x0000000600000000, 0x0000000800000000)
  region size 4096K, 2 young (8192K), 2 survivors (8192K)
 Metaspace       used 96257K, committed 98496K, reserved 1179648K
  class space    used 13589K, committed 14656K, reserved 1048576K
}
Event: 36.168 GC heap before
{Heap before GC invocations=30 (full 0):
 garbage-first heap   total reserved 8388608K, committed 143360K, used 119810K [0x0000000600000000, 0x0000000800000000)
  region size 4096K, 11 young (45056K), 2 survivors (8192K)
 Metaspace       used 100200K, committed 102528K, reserved 1179648K
  class space    used 13983K, committed 15104K, reserved 1048576K
}
Event: 36.172 GC heap after
{Heap after GC invocations=31 (full 0):
 garbage-first heap   total reserved 8388608K, committed 143360K, used 86510K [0x0000000600000000, 0x0000000800000000)
  region size 4096K, 2 young (8192K), 2 survivors (8192K)
 Metaspace       used 100200K, committed 102528K, reserved 1179648K
  class space    used 13983K, committed 15104K, reserved 1048576K
}
Event: 36.608 GC heap before
{Heap before GC invocations=32 (full 0):
 garbage-first heap   total reserved 8388608K, committed 151552K, used 119278K [0x0000000600000000, 0x0000000800000000)
  region size 4096K, 10 young (40960K), 2 survivors (8192K)
 Metaspace       used 104582K, committed 106944K, reserved 1179648K
  class space    used 14560K, committed 15680K, reserved 1048576K
}
Event: 36.612 GC heap after
{Heap after GC invocations=33 (full 0):
 garbage-first heap   total reserved 8388608K, committed 151552K, used 88219K [0x0000000600000000, 0x0000000800000000)
  region size 4096K, 2 young (8192K), 2 survivors (8192K)
 Metaspace       used 104582K, committed 106944K, reserved 1179648K
  class space    used 14560K, committed 15680K, reserved 1048576K
}
Event: 37.053 GC heap before
{Heap before GC invocations=33 (full 0):
 garbage-first heap   total reserved 8388608K, committed 151552K, used 120987K [0x0000000600000000, 0x0000000800000000)
  region size 4096K, 11 young (45056K), 2 survivors (8192K)
 Metaspace       used 110131K, committed 112512K, reserved 1179648K
  class space    used 15064K, committed 16192K, reserved 1048576K
}
Event: 37.058 GC heap after
{Heap after GC invocations=34 (full 0):
 garbage-first heap   total reserved 8388608K, committed 151552K, used 88829K [0x0000000600000000, 0x0000000800000000)
  region size 4096K, 1 young (4096K), 1 survivors (4096K)
 Metaspace       used 110131K, committed 112512K, reserved 1179648K
  class space    used 15064K, committed 16192K, reserved 1048576K
}
Event: 41.718 GC heap before
{Heap before GC invocations=34 (full 0):
 garbage-first heap   total reserved 8388608K, committed 151552K, used 129789K [0x0000000600000000, 0x0000000800000000)
  region size 4096K, 12 young (49152K), 1 survivors (4096K)
 Metaspace       used 115452K, committed 117824K, reserved 1179648K
  class space    used 15712K, committed 16832K, reserved 1048576K
}
Event: 41.722 GC heap after
{Heap after GC invocations=35 (full 0):
 garbage-first heap   total reserved 8388608K, committed 151552K, used 90208K [0x0000000600000000, 0x0000000800000000)
  region size 4096K, 2 young (8192K), 2 survivors (8192K)
 Metaspace       used 115452K, committed 117824K, reserved 1179648K
  class space    used 15712K, committed 16832K, reserved 1048576K
}
Event: 47.040 GC heap before
{Heap before GC invocations=36 (full 0):
 garbage-first heap   total reserved 8388608K, committed 159744K, used 122976K [0x0000000600000000, 0x0000000800000000)
  region size 4096K, 11 young (45056K), 2 survivors (8192K)
 Metaspace       used 116908K, committed 119296K, reserved 1179648K
  class space    used 15939K, committed 17088K, reserved 1048576K
}
Event: 47.044 GC heap after
{Heap after GC invocations=37 (full 0):
 garbage-first heap   total reserved 8388608K, committed 159744K, used 94568K [0x0000000600000000, 0x0000000800000000)
  region size 4096K, 2 young (8192K), 2 survivors (8192K)
 Metaspace       used 116908K, committed 119296K, reserved 1179648K
  class space    used 15939K, committed 17088K, reserved 1048576K
}

